<?xml version="1.0" encoding="UTF-8"?>
<!-- Generated by org.testng.reporters.JUnitReportReporter -->
<testsuite hostname="LAPTOP-VU6SO7UB" name="jenkins.jenkins" tests="1" failures="0" timestamp="15 Aug 2018 16:47:19 GMT" time="0.016" errors="0">
  <testcase name="setup" time="0.016" classname="jenkins.jenkins"/>
</testsuite> <!-- jenkins.jenkins -->
